2026-02-23T10:15:33.625+01:00  INFO 8316 --- [restartedMain] com.example.livapp.LivappApplication     : Starting LivappApplication using Java 17.0.10 with PID 8316 (C:\Users\klcdo\Desktop\formation jenkins\maven project\maven-project\target\classes started by Rania in C:\Users\klcdo\Desktop\formation jenkins\maven project\maven-project)
2026-02-23T10:15:33.636+01:00  INFO 8316 --- [restartedMain] com.example.livapp.LivappApplication     : No active profile set, falling back to 1 default profile: "default"
2026-02-23T10:15:33.744+01:00  INFO 8316 --- [restartedMain] .e.DevToolsPropertyDefaultsPostProcessor : Devtools property defaults active! Set 'spring.devtools.add-properties' to 'false' to disable
2026-02-23T10:15:33.745+01:00  INFO 8316 --- [restartedMain] .e.DevToolsPropertyDefaultsPostProcessor : For additional web related logging consider setting the 'logging.level.web' property to 'DEBUG'
2026-02-23T10:15:35.351+01:00  INFO 8316 --- [restartedMain] .s.d.r.c.RepositoryConfigurationDelegate : Bootstrapping Spring Data JPA repositories in DEFAULT mode.
2026-02-23T10:15:35.567+01:00  INFO 8316 --- [restartedMain] .s.d.r.c.RepositoryConfigurationDelegate : Finished Spring Data repository scanning in 199 ms. Found 27 JPA repository interfaces.
2026-02-23T10:15:36.333+01:00  INFO 8316 --- [restartedMain] o.s.b.w.embedded.tomcat.TomcatWebServer  : Tomcat initialized with port(s): 8082 (http)
2026-02-23T10:15:36.347+01:00  INFO 8316 --- [restartedMain] o.apache.catalina.core.StandardService   : Starting service [Tomcat]
2026-02-23T10:15:36.348+01:00  INFO 8316 --- [restartedMain] o.apache.catalina.core.StandardEngine    : Starting Servlet engine: [Apache Tomcat/10.1.1]
2026-02-23T10:15:36.424+01:00  INFO 8316 --- [restartedMain] o.a.c.c.C.[Tomcat].[localhost].[/]       : Initializing Spring embedded WebApplicationContext
2026-02-23T10:15:36.424+01:00  INFO 8316 --- [restartedMain] w.s.c.ServletWebServerApplicationContext : Root WebApplicationContext: initialization completed in 2678 ms
2026-02-23T10:15:36.525+01:00  INFO 8316 --- [restartedMain] com.zaxxer.hikari.HikariDataSource       : HikariPool-1 - Starting...
2026-02-23T10:15:36.677+01:00  INFO 8316 --- [restartedMain] com.zaxxer.hikari.pool.HikariPool        : HikariPool-1 - Added connection com.mysql.cj.jdbc.ConnectionImpl@3fb82788
2026-02-23T10:15:36.679+01:00  INFO 8316 --- [restartedMain] com.zaxxer.hikari.HikariDataSource       : HikariPool-1 - Start completed.
2026-02-23T10:15:36.688+01:00  INFO 8316 --- [restartedMain] o.s.b.a.h2.H2ConsoleAutoConfiguration    : H2 console available at '/h2-console'. Database available at 'jdbc:mysql://localhost:3306/livdb?allowPublicKeyRetrieval=true&useSSL=false&serverTimezone=UTC&useLegacyDatetimeCode=false'
2026-02-23T10:15:36.861+01:00  INFO 8316 --- [restartedMain] o.hibernate.jpa.internal.util.LogHelper  : HHH000204: Processing PersistenceUnitInfo [name: default]
2026-02-23T10:15:36.910+01:00  INFO 8316 --- [restartedMain] org.hibernate.Version                    : HHH000412: Hibernate ORM core version 6.1.5.Final
2026-02-23T10:15:37.054+01:00  WARN 8316 --- [restartedMain] org.hibernate.orm.deprecation            : HHH90000021: Encountered deprecated setting [javax.persistence.sharedCache.mode], use [jakarta.persistence.sharedCache.mode] instead
2026-02-23T10:15:37.113+01:00 DEBUG 8316 --- [restartedMain] o.h.t.d.jdbc.spi.JdbcTypeRegistry        : addDescriptor(FloatTypeDescriptor) replaced previous registration(DoubleTypeDescriptor)
2026-02-23T10:15:37.122+01:00 DEBUG 8316 --- [restartedMain] org.hibernate.type.BasicTypeRegistry     : Adding type registration boolean -> org.hibernate.type.BasicTypeReference@16a3ac85
2026-02-23T10:15:37.122+01:00 DEBUG 8316 --- [restartedMain] org.hibernate.type.BasicTypeRegistry     : Adding type registration boolean -> org.hibernate.type.BasicTypeReference@16a3ac85
2026-02-23T10:15:37.122+01:00 DEBUG 8316 --- [restartedMain] org.hibernate.type.BasicTypeRegistry     : Adding type registration java.lang.Boolean -> org.hibernate.type.BasicTypeReference@16a3ac85
2026-02-23T10:15:37.123+01:00 DEBUG 8316 --- [restartedMain] org.hibernate.type.BasicTypeRegistry     : Adding type registration numeric_boolean -> org.hibernate.type.BasicTypeReference@3cb248c7
2026-02-23T10:15:37.123+01:00 DEBUG 8316 --- [restartedMain] org.hibernate.type.BasicTypeRegistry     : Adding type registration org.hibernate.type.NumericBooleanConverter -> org.hibernate.type.BasicTypeReference@3cb248c7
2026-02-23T10:15:37.123+01:00 DEBUG 8316 --- [restartedMain] org.hibernate.type.BasicTypeRegistry     : Adding type registration true_false -> org.hibernate.type.BasicTypeReference@6637607c
2026-02-23T10:15:37.123+01:00 DEBUG 8316 --- [restartedMain] org.hibernate.type.BasicTypeRegistry     : Adding type registration org.hibernate.type.TrueFalseConverter -> org.hibernate.type.BasicTypeReference@6637607c
2026-02-23T10:15:37.123+01:00 DEBUG 8316 --- [restartedMain] org.hibernate.type.BasicTypeRegistry     : Adding type registration yes_no -> org.hibernate.type.BasicTypeReference@2fde8392
2026-02-23T10:15:37.123+01:00 DEBUG 8316 --- [restartedMain] org.hibernate.type.BasicTypeRegistry     : Adding type registration org.hibernate.type.YesNoConverter -> org.hibernate.type.BasicTypeReference@2fde8392
2026-02-23T10:15:37.123+01:00 DEBUG 8316 --- [restartedMain] org.hibernate.type.BasicTypeRegistry     : Adding type registration byte -> org.hibernate.type.BasicTypeReference@2412c568
2026-02-23T10:15:37.123+01:00 DEBUG 8316 --- [restartedMain] org.hibernate.type.BasicTypeRegistry     : Adding type registration byte -> org.hibernate.type.BasicTypeReference@2412c568
2026-02-23T10:15:37.124+01:00 DEBUG 8316 --- [restartedMain] org.hibernate.type.BasicTypeRegistry     : Adding type registration java.lang.Byte -> org.hibernate.type.BasicTypeReference@2412c568
2026-02-23T10:15:37.124+01:00 DEBUG 8316 --- [restartedMain] org.hibernate.type.BasicTypeRegistry     : Adding type registration binary -> org.hibernate.type.BasicTypeReference@cb82b8d
2026-02-23T10:15:37.124+01:00 DEBUG 8316 --- [restartedMain] org.hibernate.type.BasicTypeRegistry     : Adding type registration byte[] -> org.hibernate.type.BasicTypeReference@cb82b8d
2026-02-23T10:15:37.125+01:00 DEBUG 8316 --- [restartedMain] org.hibernate.type.BasicTypeRegistry     : Adding type registration [B -> org.hibernate.type.BasicTypeReference@cb82b8d
2026-02-23T10:15:37.125+01:00 DEBUG 8316 --- [restartedMain] org.hibernate.type.BasicTypeRegistry     : Adding type registration binary_wrapper -> org.hibernate.type.BasicTypeReference@3e3386f7
2026-02-23T10:15:37.125+01:00 DEBUG 8316 --- [restartedMain] org.hibernate.type.BasicTypeRegistry     : Adding type registration wrapper-binary -> org.hibernate.type.BasicTypeReference@3e3386f7
2026-02-23T10:15:37.125+01:00 DEBUG 8316 --- [restartedMain] org.hibernate.type.BasicTypeRegistry     : Adding type registration Byte[] -> org.hibernate.type.BasicTypeReference@3e3386f7
2026-02-23T10:15:37.125+01:00 DEBUG 8316 --- [restartedMain] org.hibernate.type.BasicTypeRegistry     : Adding type registration [Ljava.lang.Byte; -> org.hibernate.type.BasicTypeReference@3e3386f7
2026-02-23T10:15:37.126+01:00 DEBUG 8316 --- [restartedMain] org.hibernate.type.BasicTypeRegistry     : Adding type registration image -> org.hibernate.type.BasicTypeReference@7699cec1
2026-02-23T10:15:37.126+01:00 DEBUG 8316 --- [restartedMain] org.hibernate.type.BasicTypeRegistry     : Adding type registration blob -> org.hibernate.type.BasicTypeReference@2ee7d6da
2026-02-23T10:15:37.126+01:00 DEBUG 8316 --- [restartedMain] org.hibernate.type.BasicTypeRegistry     : Adding type registration java.sql.Blob -> org.hibernate.type.BasicTypeReference@2ee7d6da
2026-02-23T10:15:37.126+01:00 DEBUG 8316 --- [restartedMain] org.hibernate.type.BasicTypeRegistry     : Adding type registration materialized_blob -> org.hibernate.type.BasicTypeReference@634e74c8
2026-02-23T10:15:37.126+01:00 DEBUG 8316 --- [restartedMain] org.hibernate.type.BasicTypeRegistry     : Adding type registration materialized_blob_wrapper -> org.hibernate.type.BasicTypeReference@41e84268
2026-02-23T10:15:37.126+01:00 DEBUG 8316 --- [restartedMain] org.hibernate.type.BasicTypeRegistry     : Adding type registration short -> org.hibernate.type.BasicTypeReference@79bf7352
2026-02-23T10:15:37.126+01:00 DEBUG 8316 --- [restartedMain] org.hibernate.type.BasicTypeRegistry     : Adding type registration short -> org.hibernate.type.BasicTypeReference@79bf7352
2026-02-23T10:15:37.126+01:00 DEBUG 8316 --- [restartedMain] org.hibernate.type.BasicTypeRegistry     : Adding type registration java.lang.Short -> org.hibernate.type.BasicTypeReference@79bf7352
2026-02-23T10:15:37.126+01:00 DEBUG 8316 --- [restartedMain] org.hibernate.type.BasicTypeRegistry     : Adding type registration integer -> org.hibernate.type.BasicTypeReference@69fe2bb9
2026-02-23T10:15:37.126+01:00 DEBUG 8316 --- [restartedMain] org.hibernate.type.BasicTypeRegistry     : Adding type registration int -> org.hibernate.type.BasicTypeReference@69fe2bb9
2026-02-23T10:15:37.126+01:00 DEBUG 8316 --- [restartedMain] org.hibernate.type.BasicTypeRegistry     : Adding type registration java.lang.Integer -> org.hibernate.type.BasicTypeReference@69fe2bb9
2026-02-23T10:15:37.126+01:00 DEBUG 8316 --- [restartedMain] org.hibernate.type.BasicTypeRegistry     : Adding type registration long -> org.hibernate.type.BasicTypeReference@7906fa7a
2026-02-23T10:15:37.126+01:00 DEBUG 8316 --- [restartedMain] org.hibernate.type.BasicTypeRegistry     : Adding type registration long -> org.hibernate.type.BasicTypeReference@7906fa7a
2026-02-23T10:15:37.127+01:00 DEBUG 8316 --- [restartedMain] org.hibernate.type.BasicTypeRegistry     : Adding type registration java.lang.Long -> org.hibernate.type.BasicTypeReference@7906fa7a
2026-02-23T10:15:37.127+01:00 DEBUG 8316 --- [restartedMain] org.hibernate.type.BasicTypeRegistry     : Adding type registration float -> org.hibernate.type.BasicTypeReference@7a7e0c30
2026-02-23T10:15:37.127+01:00 DEBUG 8316 --- [restartedMain] org.hibernate.type.BasicTypeRegistry     : Adding type registration float -> org.hibernate.type.BasicTypeReference@7a7e0c30
2026-02-23T10:15:37.127+01:00 DEBUG 8316 --- [restartedMain] org.hibernate.type.BasicTypeRegistry     : Adding type registration java.lang.Float -> org.hibernate.type.BasicTypeReference@7a7e0c30
2026-02-23T10:15:37.127+01:00 DEBUG 8316 --- [restartedMain] org.hibernate.type.BasicTypeRegistry     : Adding type registration double -> org.hibernate.type.BasicTypeReference@78d9d5ce
2026-02-23T10:15:37.127+01:00 DEBUG 8316 --- [restartedMain] org.hibernate.type.BasicTypeRegistry     : Adding type registration double -> org.hibernate.type.BasicTypeReference@78d9d5ce
2026-02-23T10:15:37.127+01:00 DEBUG 8316 --- [restartedMain] org.hibernate.type.BasicTypeRegistry     : Adding type registration java.lang.Double -> org.hibernate.type.BasicTypeReference@78d9d5ce
2026-02-23T10:15:37.127+01:00 DEBUG 8316 --- [restartedMain] org.hibernate.type.BasicTypeRegistry     : Adding type registration big_integer -> org.hibernate.type.BasicTypeReference@60e29a8f
2026-02-23T10:15:37.127+01:00 DEBUG 8316 --- [restartedMain] org.hibernate.type.BasicTypeRegistry     : Adding type registration java.math.BigInteger -> org.hibernate.type.BasicTypeReference@60e29a8f
2026-02-23T10:15:37.127+01:00 DEBUG 8316 --- [restartedMain] org.hibernate.type.BasicTypeRegistry     : Adding type registration big_decimal -> org.hibernate.type.BasicTypeReference@2e7979c3
2026-02-23T10:15:37.127+01:00 DEBUG 8316 --- [restartedMain] org.hibernate.type.BasicTypeRegistry     : Adding type registration java.math.BigDecimal -> org.hibernate.type.BasicTypeReference@2e7979c3
2026-02-23T10:15:37.127+01:00 DEBUG 8316 --- [restartedMain] org.hibernate.type.BasicTypeRegistry     : Adding type registration character -> org.hibernate.type.BasicTypeReference@246cffb0
2026-02-23T10:15:37.127+01:00 DEBUG 8316 --- [restartedMain] org.hibernate.type.BasicTypeRegistry     : Adding type registration char -> org.hibernate.type.BasicTypeReference@246cffb0
2026-02-23T10:15:37.127+01:00 DEBUG 8316 --- [restartedMain] org.hibernate.type.BasicTypeRegistry     : Adding type registration java.lang.Character -> org.hibernate.type.BasicTypeReference@246cffb0
2026-02-23T10:15:37.127+01:00 DEBUG 8316 --- [restartedMain] org.hibernate.type.BasicTypeRegistry     : Adding type registration character_nchar -> org.hibernate.type.BasicTypeReference@12ad3956
2026-02-23T10:15:37.127+01:00 DEBUG 8316 --- [restartedMain] org.hibernate.type.BasicTypeRegistry     : Adding type registration string -> org.hibernate.type.BasicTypeReference@666fef6e
2026-02-23T10:15:37.127+01:00 DEBUG 8316 --- [restartedMain] org.hibernate.type.BasicTypeRegistry     : Adding type registration java.lang.String -> org.hibernate.type.BasicTypeReference@666fef6e
2026-02-23T10:15:37.127+01:00 DEBUG 8316 --- [restartedMain] org.hibernate.type.BasicTypeRegistry     : Adding type registration nstring -> org.hibernate.type.BasicTypeReference@3bd2501
2026-02-23T10:15:37.128+01:00 DEBUG 8316 --- [restartedMain] org.hibernate.type.BasicTypeRegistry     : Adding type registration characters -> org.hibernate.type.BasicTypeReference@40efdbb9
2026-02-23T10:15:37.128+01:00 DEBUG 8316 --- [restartedMain] org.hibernate.type.BasicTypeRegistry     : Adding type registration char[] -> org.hibernate.type.BasicTypeReference@40efdbb9
2026-02-23T10:15:37.128+01:00 DEBUG 8316 --- [restartedMain] org.hibernate.type.BasicTypeRegistry     : Adding type registration [C -> org.hibernate.type.BasicTypeReference@40efdbb9
2026-02-23T10:15:37.128+01:00 DEBUG 8316 --- [restartedMain] org.hibernate.type.BasicTypeRegistry     : Adding type registration wrapper-characters -> org.hibernate.type.BasicTypeReference@3bf33d7b
2026-02-23T10:15:37.128+01:00 DEBUG 8316 --- [restartedMain] org.hibernate.type.BasicTypeRegistry     : Adding type registration [Ljava.lang.Character; -> org.hibernate.type.BasicTypeReference@3bf33d7b
2026-02-23T10:15:37.128+01:00 DEBUG 8316 --- [restartedMain] org.hibernate.type.BasicTypeRegistry     : Adding type registration Character[] -> org.hibernate.type.BasicTypeReference@3bf33d7b
2026-02-23T10:15:37.128+01:00 DEBUG 8316 --- [restartedMain] org.hibernate.type.BasicTypeRegistry     : Adding type registration text -> org.hibernate.type.BasicTypeReference@227eb1f4
2026-02-23T10:15:37.128+01:00 DEBUG 8316 --- [restartedMain] org.hibernate.type.BasicTypeRegistry     : Adding type registration ntext -> org.hibernate.type.BasicTypeReference@48811d97
2026-02-23T10:15:37.128+01:00 DEBUG 8316 --- [restartedMain] org.hibernate.type.BasicTypeRegistry     : Adding type registration clob -> org.hibernate.type.BasicTypeReference@768d252d
2026-02-23T10:15:37.128+01:00 DEBUG 8316 --- [restartedMain] org.hibernate.type.BasicTypeRegistry     : Adding type registration java.sql.Clob -> org.hibernate.type.BasicTypeReference@768d252d
2026-02-23T10:15:37.128+01:00 DEBUG 8316 --- [restartedMain] org.hibernate.type.BasicTypeRegistry     : Adding type registration nclob -> org.hibernate.type.BasicTypeReference@5437c662
2026-02-23T10:15:37.128+01:00 DEBUG 8316 --- [restartedMain] org.hibernate.type.BasicTypeRegistry     : Adding type registration java.sql.NClob -> org.hibernate.type.BasicTypeReference@5437c662
2026-02-23T10:15:37.128+01:00 DEBUG 8316 --- [restartedMain] org.hibernate.type.BasicTypeRegistry     : Adding type registration materialized_clob -> org.hibernate.type.BasicTypeReference@3912c01
2026-02-23T10:15:37.128+01:00 DEBUG 8316 --- [restartedMain] org.hibernate.type.BasicTypeRegistry     : Adding type registration materialized_clob_char_array -> org.hibernate.type.BasicTypeReference@433ce441
2026-02-23T10:15:37.128+01:00 DEBUG 8316 --- [restartedMain] org.hibernate.type.BasicTypeRegistry     : Adding type registration materialized_clob_character_array -> org.hibernate.type.BasicTypeReference@5c071546
2026-02-23T10:15:37.128+01:00 DEBUG 8316 --- [restartedMain] org.hibernate.type.BasicTypeRegistry     : Adding type registration materialized_nclob -> org.hibernate.type.BasicTypeReference@36e9cc72
2026-02-23T10:15:37.128+01:00 DEBUG 8316 --- [restartedMain] org.hibernate.type.BasicTypeRegistry     : Adding type registration materialized_nclob_character_array -> org.hibernate.type.BasicTypeReference@3c920f8a
2026-02-23T10:15:37.128+01:00 DEBUG 8316 --- [restartedMain] org.hibernate.type.BasicTypeRegistry     : Adding type registration materialized_nclob_char_array -> org.hibernate.type.BasicTypeReference@18a8fab5
2026-02-23T10:15:37.128+01:00 DEBUG 8316 --- [restartedMain] org.hibernate.type.BasicTypeRegistry     : Adding type registration Duration -> org.hibernate.type.BasicTypeReference@7c6171c3
2026-02-23T10:15:37.128+01:00 DEBUG 8316 --- [restartedMain] org.hibernate.type.BasicTypeRegistry     : Adding type registration java.time.Duration -> org.hibernate.type.BasicTypeReference@7c6171c3
2026-02-23T10:15:37.128+01:00 DEBUG 8316 --- [restartedMain] org.hibernate.type.BasicTypeRegistry     : Adding type registration LocalDateTime -> org.hibernate.type.BasicTypeReference@413a861
2026-02-23T10:15:37.128+01:00 DEBUG 8316 --- [restartedMain] org.hibernate.type.BasicTypeRegistry     : Adding type registration java.time.LocalDateTime -> org.hibernate.type.BasicTypeReference@413a861
2026-02-23T10:15:37.128+01:00 DEBUG 8316 --- [restartedMain] org.hibernate.type.BasicTypeRegistry     : Adding type registration LocalDate -> org.hibernate.type.BasicTypeReference@28510936
2026-02-23T10:15:37.128+01:00 DEBUG 8316 --- [restartedMain] org.hibernate.type.BasicTypeRegistry     : Adding type registration java.time.LocalDate -> org.hibernate.type.BasicTypeReference@28510936
2026-02-23T10:15:37.129+01:00 DEBUG 8316 --- [restartedMain] org.hibernate.type.BasicTypeRegistry     : Adding type registration LocalTime -> org.hibernate.type.BasicTypeReference@777323db
2026-02-23T10:15:37.129+01:00 DEBUG 8316 --- [restartedMain] org.hibernate.type.BasicTypeRegistry     : Adding type registration java.time.LocalTime -> org.hibernate.type.BasicTypeReference@777323db
2026-02-23T10:15:37.129+01:00 DEBUG 8316 --- [restartedMain] org.hibernate.type.BasicTypeRegistry     : Adding type registration OffsetDateTime -> org.hibernate.type.BasicTypeReference@ebab9f
2026-02-23T10:15:37.129+01:00 DEBUG 8316 --- [restartedMain] org.hibernate.type.BasicTypeRegistry     : Adding type registration java.time.OffsetDateTime -> org.hibernate.type.BasicTypeReference@ebab9f
2026-02-23T10:15:37.129+01:00 DEBUG 8316 --- [restartedMain] org.hibernate.type.BasicTypeRegistry     : Adding type registration OffsetDateTimeWithTimezone -> org.hibernate.type.BasicTypeReference@19a25b43
2026-02-23T10:15:37.129+01:00 DEBUG 8316 --- [restartedMain] org.hibernate.type.BasicTypeRegistry     : Adding type registration OffsetDateTimeWithoutTimezone -> org.hibernate.type.BasicTypeReference@391af9f8
2026-02-23T10:15:37.129+01:00 DEBUG 8316 --- [restartedMain] org.hibernate.type.BasicTypeRegistry     : Adding type registration OffsetTime -> org.hibernate.type.BasicTypeReference@579978fb
2026-02-23T10:15:37.129+01:00 DEBUG 8316 --- [restartedMain] org.hibernate.type.BasicTypeRegistry     : Adding type registration java.time.OffsetTime -> org.hibernate.type.BasicTypeReference@579978fb
2026-02-23T10:15:37.129+01:00 DEBUG 8316 --- [restartedMain] org.hibernate.type.BasicTypeRegistry     : Adding type registration ZonedDateTime -> org.hibernate.type.BasicTypeReference@a7396c4
2026-02-23T10:15:37.129+01:00 DEBUG 8316 --- [restartedMain] org.hibernate.type.BasicTypeRegistry     : Adding type registration java.time.ZonedDateTime -> org.hibernate.type.BasicTypeReference@a7396c4
2026-02-23T10:15:37.129+01:00 DEBUG 8316 --- [restartedMain] org.hibernate.type.BasicTypeRegistry     : Adding type registration ZonedDateTimeWithTimezone -> org.hibernate.type.BasicTypeReference@100ac8a
2026-02-23T10:15:37.129+01:00 DEBUG 8316 --- [restartedMain] org.hibernate.type.BasicTypeRegistry     : Adding type registration ZonedDateTimeWithoutTimezone -> org.hibernate.type.BasicTypeReference@6fbb406b
2026-02-23T10:15:37.129+01:00 DEBUG 8316 --- [restartedMain] org.hibernate.type.BasicTypeRegistry     : Adding type registration date -> org.hibernate.type.BasicTypeReference@7379b3c7
2026-02-23T10:15:37.129+01:00 DEBUG 8316 --- [restartedMain] org.hibernate.type.BasicTypeRegistry     : Adding type registration java.sql.Date -> org.hibernate.type.BasicTypeReference@7379b3c7
2026-02-23T10:15:37.129+01:00 DEBUG 8316 --- [restartedMain] org.hibernate.type.BasicTypeRegistry     : Adding type registration time -> org.hibernate.type.BasicTypeReference@652adeda
2026-02-23T10:15:37.129+01:00 DEBUG 8316 --- [restartedMain] org.hibernate.type.BasicTypeRegistry     : Adding type registration java.sql.Time -> org.hibernate.type.BasicTypeReference@652adeda
2026-02-23T10:15:37.129+01:00 DEBUG 8316 --- [restartedMain] org.hibernate.type.BasicTypeRegistry     : Adding type registration timestamp -> org.hibernate.type.BasicTypeReference@614a4a09
2026-02-23T10:15:37.129+01:00 DEBUG 8316 --- [restartedMain] org.hibernate.type.BasicTypeRegistry     : Adding type registration java.sql.Timestamp -> org.hibernate.type.BasicTypeReference@614a4a09
2026-02-23T10:15:37.129+01:00 DEBUG 8316 --- [restartedMain] org.hibernate.type.BasicTypeRegistry     : Adding type registration java.util.Date -> org.hibernate.type.BasicTypeReference@614a4a09
2026-02-23T10:15:37.129+01:00 DEBUG 8316 --- [restartedMain] org.hibernate.type.BasicTypeRegistry     : Adding type registration calendar -> org.hibernate.type.BasicTypeReference@5447e653
2026-02-23T10:15:37.129+01:00 DEBUG 8316 --- [restartedMain] org.hibernate.type.BasicTypeRegistry     : Adding type registration java.util.Calendar -> org.hibernate.type.BasicTypeReference@5447e653
2026-02-23T10:15:37.129+01:00 DEBUG 8316 --- [restartedMain] org.hibernate.type.BasicTypeRegistry     : Adding type registration java.util.GregorianCalendar -> org.hibernate.type.BasicTypeReference@5447e653
2026-02-23T10:15:37.129+01:00 DEBUG 8316 --- [restartedMain] org.hibernate.type.BasicTypeRegistry     : Adding type registration calendar_date -> org.hibernate.type.BasicTypeReference@6a9e9097
2026-02-23T10:15:37.129+01:00 DEBUG 8316 --- [restartedMain] org.hibernate.type.BasicTypeRegistry     : Adding type registration calendar_time -> org.hibernate.type.BasicTypeReference@59715f10
2026-02-23T10:15:37.129+01:00 DEBUG 8316 --- [restartedMain] org.hibernate.type.BasicTypeRegistry     : Adding type registration instant -> org.hibernate.type.BasicTypeReference@6a585c35
2026-02-23T10:15:37.129+01:00 DEBUG 8316 --- [restartedMain] org.hibernate.type.BasicTypeRegistry     : Adding type registration java.time.Instant -> org.hibernate.type.BasicTypeReference@6a585c35
2026-02-23T10:15:37.129+01:00 DEBUG 8316 --- [restartedMain] org.hibernate.type.BasicTypeRegistry     : Adding type registration uuid -> org.hibernate.type.BasicTypeReference@1c64a53
2026-02-23T10:15:37.129+01:00 DEBUG 8316 --- [restartedMain] org.hibernate.type.BasicTypeRegistry     : Adding type registration java.util.UUID -> org.hibernate.type.BasicTypeReference@1c64a53
2026-02-23T10:15:37.129+01:00 DEBUG 8316 --- [restartedMain] org.hibernate.type.BasicTypeRegistry     : Adding type registration pg-uuid -> org.hibernate.type.BasicTypeReference@1c64a53
2026-02-23T10:15:37.129+01:00 DEBUG 8316 --- [restartedMain] org.hibernate.type.BasicTypeRegistry     : Adding type registration uuid-binary -> org.hibernate.type.BasicTypeReference@1fc278d4
2026-02-23T10:15:37.129+01:00 DEBUG 8316 --- [restartedMain] org.hibernate.type.BasicTypeRegistry     : Adding type registration uuid-char -> org.hibernate.type.BasicTypeReference@4c182de3
2026-02-23T10:15:37.130+01:00 DEBUG 8316 --- [restartedMain] org.hibernate.type.BasicTypeRegistry     : Adding type registration class -> org.hibernate.type.BasicTypeReference@648969a1
2026-02-23T10:15:37.130+01:00 DEBUG 8316 --- [restartedMain] org.hibernate.type.BasicTypeRegistry     : Adding type registration java.lang.Class -> org.hibernate.type.BasicTypeReference@648969a1
2026-02-23T10:15:37.130+01:00 DEBUG 8316 --- [restartedMain] org.hibernate.type.BasicTypeRegistry     : Adding type registration currency -> org.hibernate.type.BasicTypeReference@572e23b1
2026-02-23T10:15:37.130+01:00 DEBUG 8316 --- [restartedMain] org.hibernate.type.BasicTypeRegistry     : Adding type registration Currency -> org.hibernate.type.BasicTypeReference@572e23b1
2026-02-23T10:15:37.130+01:00 DEBUG 8316 --- [restartedMain] org.hibernate.type.BasicTypeRegistry     : Adding type registration java.util.Currency -> org.hibernate.type.BasicTypeReference@572e23b1
2026-02-23T10:15:37.130+01:00 DEBUG 8316 --- [restartedMain] org.hibernate.type.BasicTypeRegistry     : Adding type registration locale -> org.hibernate.type.BasicTypeReference@5b26f558
2026-02-23T10:15:37.130+01:00 DEBUG 8316 --- [restartedMain] org.hibernate.type.BasicTypeRegistry     : Adding type registration java.util.Locale -> org.hibernate.type.BasicTypeReference@5b26f558
2026-02-23T10:15:37.130+01:00 DEBUG 8316 --- [restartedMain] org.hibernate.type.BasicTypeRegistry     : Adding type registration serializable -> org.hibernate.type.BasicTypeReference@56dcbcea
2026-02-23T10:15:37.130+01:00 DEBUG 8316 --- [restartedMain] org.hibernate.type.BasicTypeRegistry     : Adding type registration java.io.Serializable -> org.hibernate.type.BasicTypeReference@56dcbcea
2026-02-23T10:15:37.130+01:00 DEBUG 8316 --- [restartedMain] org.hibernate.type.BasicTypeRegistry     : Adding type registration timezone -> org.hibernate.type.BasicTypeReference@793703f1
2026-02-23T10:15:37.130+01:00 DEBUG 8316 --- [restartedMain] org.hibernate.type.BasicTypeRegistry     : Adding type registration java.util.TimeZone -> org.hibernate.type.BasicTypeReference@793703f1
2026-02-23T10:15:37.130+01:00 DEBUG 8316 --- [restartedMain] org.hibernate.type.BasicTypeRegistry     : Adding type registration ZoneOffset -> org.hibernate.type.BasicTypeReference@5f2284cd
2026-02-23T10:15:37.130+01:00 DEBUG 8316 --- [restartedMain] org.hibernate.type.BasicTypeRegistry     : Adding type registration java.time.ZoneOffset -> org.hibernate.type.BasicTypeReference@5f2284cd
2026-02-23T10:15:37.130+01:00 DEBUG 8316 --- [restartedMain] org.hibernate.type.BasicTypeRegistry     : Adding type registration url -> org.hibernate.type.BasicTypeReference@33c22644
2026-02-23T10:15:37.130+01:00 DEBUG 8316 --- [restartedMain] org.hibernate.type.BasicTypeRegistry     : Adding type registration java.net.URL -> org.hibernate.type.BasicTypeReference@33c22644
2026-02-23T10:15:37.130+01:00 DEBUG 8316 --- [restartedMain] org.hibernate.type.BasicTypeRegistry     : Adding type registration row_version -> org.hibernate.type.BasicTypeReference@cae73a
2026-02-23T10:15:37.135+01:00 DEBUG 8316 --- [restartedMain] org.hibernate.type.BasicTypeRegistry     : Adding type registration dbtimestamp -> org.hibernate.type.DbTimestampType@68fa655b
2026-02-23T10:15:37.136+01:00 DEBUG 8316 --- [restartedMain] org.hibernate.type.BasicTypeRegistry     : Adding type registration dbtimestamp -> org.hibernate.type.DbTimestampType@68fa655b
2026-02-23T10:15:37.138+01:00 DEBUG 8316 --- [restartedMain] org.hibernate.type.BasicTypeRegistry     : Adding type registration object -> org.hibernate.type.JavaObjectType@7f5011d9
2026-02-23T10:15:37.139+01:00 DEBUG 8316 --- [restartedMain] org.hibernate.type.BasicTypeRegistry     : Adding type registration java.lang.Object -> org.hibernate.type.JavaObjectType@7f5011d9
2026-02-23T10:15:37.140+01:00 DEBUG 8316 --- [restartedMain] org.hibernate.type.BasicTypeRegistry     : Adding type registration null -> org.hibernate.type.NullType@39749cad
2026-02-23T10:15:37.140+01:00 DEBUG 8316 --- [restartedMain] org.hibernate.type.BasicTypeRegistry     : Adding type registration imm_date -> org.hibernate.type.BasicTypeReference@57610a12
2026-02-23T10:15:37.140+01:00 DEBUG 8316 --- [restartedMain] org.hibernate.type.BasicTypeRegistry     : Adding type registration imm_time -> org.hibernate.type.BasicTypeReference@419ec3ed
2026-02-23T10:15:37.140+01:00 DEBUG 8316 --- [restartedMain] org.hibernate.type.BasicTypeRegistry     : Adding type registration imm_timestamp -> org.hibernate.type.BasicTypeReference@91ec465
2026-02-23T10:15:37.140+01:00 DEBUG 8316 --- [restartedMain] org.hibernate.type.BasicTypeRegistry     : Adding type registration imm_calendar -> org.hibernate.type.BasicTypeReference@1412b01f
2026-02-23T10:15:37.140+01:00 DEBUG 8316 --- [restartedMain] org.hibernate.type.BasicTypeRegistry     : Adding type registration imm_calendar_date -> org.hibernate.type.BasicTypeReference@4b7c1915
2026-02-23T10:15:37.140+01:00 DEBUG 8316 --- [restartedMain] org.hibernate.type.BasicTypeRegistry     : Adding type registration imm_calendar_time -> org.hibernate.type.BasicTypeReference@7cca3a3c
2026-02-23T10:15:37.140+01:00 DEBUG 8316 --- [restartedMain] org.hibernate.type.BasicTypeRegistry     : Adding type registration imm_binary -> org.hibernate.type.BasicTypeReference@388e42c
2026-02-23T10:15:37.140+01:00 DEBUG 8316 --- [restartedMain] org.hibernate.type.BasicTypeRegistry     : Adding type registration imm_serializable -> org.hibernate.type.BasicTypeReference@29b3e0a
2026-02-23T10:15:37.230+01:00  INFO 8316 --- [restartedMain] SQL dialect                              : HHH000400: Using dialect: org.hibernate.dialect.MySQLDialect
2026-02-23T10:15:37.248+01:00 DEBUG 8316 --- [restartedMain] o.h.t.d.sql.spi.DdlTypeRegistry          : addDescriptor(12, org.hibernate.type.descriptor.sql.internal.CapacityDependentDdlType@3903dd4e) replaced previous registration(org.hibernate.type.descriptor.sql.internal.CapacityDependentDdlType@3189e305)
2026-02-23T10:15:37.248+01:00 DEBUG 8316 --- [restartedMain] o.h.t.d.sql.spi.DdlTypeRegistry          : addDescriptor(-9, org.hibernate.type.descriptor.sql.internal.CapacityDependentDdlType@41569e42) replaced previous registration(org.hibernate.type.descriptor.sql.internal.CapacityDependentDdlType@516ac46b)
2026-02-23T10:15:37.249+01:00 DEBUG 8316 --- [restartedMain] o.h.t.d.sql.spi.DdlTypeRegistry          : addDescriptor(-3, org.hibernate.type.descriptor.sql.internal.CapacityDependentDdlType@76a48aa5) replaced previous registration(org.hibernate.type.descriptor.sql.internal.CapacityDependentDdlType@84bdebf)
2026-02-23T10:15:37.249+01:00 DEBUG 8316 --- [restartedMain] o.h.t.d.sql.spi.DdlTypeRegistry          : addDescriptor(4003, org.hibernate.type.descriptor.sql.internal.DdlTypeImpl@7d9af57a) replaced previous registration(org.hibernate.type.descriptor.sql.internal.DdlTypeImpl@7ad42f3e)
2026-02-23T10:15:37.249+01:00 DEBUG 8316 --- [restartedMain] o.h.t.d.sql.spi.DdlTypeRegistry          : addDescriptor(4001, org.hibernate.type.descriptor.sql.internal.DdlTypeImpl@28777363) replaced previous registration(org.hibernate.type.descriptor.sql.internal.DdlTypeImpl@7e9feef4)
2026-02-23T10:15:37.249+01:00 DEBUG 8316 --- [restartedMain] o.h.t.d.sql.spi.DdlTypeRegistry          : addDescriptor(4002, org.hibernate.type.descriptor.sql.internal.DdlTypeImpl@5404f578) replaced previous registration(org.hibernate.type.descriptor.sql.internal.DdlTypeImpl@f729d19)
2026-02-23T10:15:37.250+01:00 DEBUG 8316 --- [restartedMain] o.h.t.d.sql.spi.DdlTypeRegistry          : addDescriptor(2004, org.hibernate.type.descriptor.sql.internal.CapacityDependentDdlType@1c0d1bff) replaced previous registration(org.hibernate.type.descriptor.sql.internal.DdlTypeImpl@1d64aec4)
2026-02-23T10:15:37.250+01:00 DEBUG 8316 --- [restartedMain] o.h.t.d.sql.spi.DdlTypeRegistry          : addDescriptor(2005, org.hibernate.type.descriptor.sql.internal.CapacityDependentDdlType@6e383725) replaced previous registration(org.hibernate.type.descriptor.sql.internal.DdlTypeImpl@7539e5ae)
2026-02-23T10:15:37.250+01:00 DEBUG 8316 --- [restartedMain] o.h.t.d.sql.spi.DdlTypeRegistry          : addDescriptor(2011, org.hibernate.type.descriptor.sql.internal.CapacityDependentDdlType@11fda15) replaced previous registration(org.hibernate.type.descriptor.sql.internal.DdlTypeImpl@3935567c)
2026-02-23T10:15:37.252+01:00 DEBUG 8316 --- [restartedMain] o.h.t.d.jdbc.spi.JdbcTypeRegistry        : addDescriptor(NCharTypeDescriptor) replaced previous registration(CharTypeDescriptor)
2026-02-23T10:15:37.252+01:00 DEBUG 8316 --- [restartedMain] o.h.t.d.jdbc.spi.JdbcTypeRegistry        : addDescriptor(NVarcharTypeDescriptor) replaced previous registration(VarcharTypeDescriptor)
2026-02-23T10:15:37.252+01:00 DEBUG 8316 --- [restartedMain] o.h.t.d.jdbc.spi.JdbcTypeRegistry        : addDescriptor(LongNVarcharTypeDescriptor) replaced previous registration(LongVarcharTypeDescriptor)
2026-02-23T10:15:37.254+01:00 DEBUG 8316 --- [restartedMain] o.h.t.d.jdbc.spi.JdbcTypeRegistry        : addDescriptor(NClobTypeDescriptor(DEFAULT)) replaced previous registration(ClobTypeDescriptor(DEFAULT))
2026-02-23T10:15:37.254+01:00 DEBUG 8316 --- [restartedMain] o.h.t.d.jdbc.spi.JdbcTypeRegistry        : addDescriptor(2005, ClobTypeDescriptor(STREAM_BINDING)) replaced previous registration(ClobTypeDescriptor(DEFAULT))
2026-02-23T10:15:37.255+01:00 DEBUG 8316 --- [restartedMain] org.hibernate.type.BasicTypeRegistry     : Adding type registration null -> org.hibernate.type.NullType@7b5b546f
2026-02-23T10:15:37.255+01:00 DEBUG 8316 --- [restartedMain] org.hibernate.type.BasicTypeRegistry     : Type registration key [null] overrode previous entry : `org.hibernate.type.NullType@39749cad`
2026-02-23T10:15:37.258+01:00 DEBUG 8316 --- [restartedMain] org.hibernate.type.BasicTypeRegistry     : Adding type registration org.hibernate.type.OffsetDateTimeType -> basicType@1(java.time.OffsetDateTime,93)
2026-02-23T10:15:37.258+01:00 DEBUG 8316 --- [restartedMain] org.hibernate.type.BasicTypeRegistry     : Adding type registration OffsetDateTime -> basicType@1(java.time.OffsetDateTime,93)
2026-02-23T10:15:37.258+01:00 DEBUG 8316 --- [restartedMain] org.hibernate.type.BasicTypeRegistry     : Adding type registration java.time.OffsetDateTime -> basicType@1(java.time.OffsetDateTime,93)
2026-02-23T10:15:37.258+01:00 DEBUG 8316 --- [restartedMain] org.hibernate.type.BasicTypeRegistry     : Adding type registration org.hibernate.type.ZonedDateTimeType -> basicType@2(java.time.ZonedDateTime,93)
2026-02-23T10:15:37.258+01:00 DEBUG 8316 --- [restartedMain] org.hibernate.type.BasicTypeRegistry     : Adding type registration ZonedDateTime -> basicType@2(java.time.ZonedDateTime,93)
2026-02-23T10:15:37.258+01:00 DEBUG 8316 --- [restartedMain] org.hibernate.type.BasicTypeRegistry     : Adding type registration java.time.ZonedDateTime -> basicType@2(java.time.ZonedDateTime,93)
2026-02-23T10:15:37.260+01:00 DEBUG 8316 --- [restartedMain] o.h.type.spi.TypeConfiguration$Scope     : Scoping TypeConfiguration [org.hibernate.type.spi.TypeConfiguration@500cedee] to MetadataBuildingContext [org.hibernate.boot.internal.MetadataBuildingContextRootImpl@54e09288]
2026-02-23T10:15:37.742+01:00 DEBUG 8316 --- [restartedMain] o.h.type.spi.TypeConfiguration$Scope     : Scoping TypeConfiguration [org.hibernate.type.spi.TypeConfiguration@500cedee] to SessionFactoryImplementor [org.hibernate.internal.SessionFactoryImpl@310bb4ac]
2026-02-23T10:15:38.873+01:00  INFO 8316 --- [restartedMain] o.h.e.t.j.p.i.JtaPlatformInitiator       : HHH000490: Using JtaPlatform implementation: [org.hibernate.engine.transaction.jta.platform.internal.NoJtaPlatform]
2026-02-23T10:15:38.882+01:00 TRACE 8316 --- [restartedMain] o.h.type.spi.TypeConfiguration$Scope     : Handling #sessionFactoryCreated from [org.hibernate.internal.SessionFactoryImpl@310bb4ac] for TypeConfiguration
2026-02-23T10:15:38.884+01:00  INFO 8316 --- [restartedMain] j.LocalContainerEntityManagerFactoryBean : Initialized JPA EntityManagerFactory for persistence unit 'default'
2026-02-23T10:15:40.089+01:00  WARN 8316 --- [restartedMain] JpaBaseConfiguration$JpaWebConfiguration : spring.jpa.open-in-view is enabled by default. Therefore, database queries may be performed during view rendering. Explicitly configure spring.jpa.open-in-view to disable this warning
2026-02-23T10:15:40.212+01:00  INFO 8316 --- [restartedMain] o.s.b.a.w.s.WelcomePageHandlerMapping    : Adding welcome page template: index
2026-02-23T10:15:40.499+01:00  INFO 8316 --- [restartedMain] o.s.b.a.e.web.EndpointLinksResolver      : Exposing 1 endpoint(s) beneath base path '/actuator'
2026-02-23T10:15:40.560+01:00  INFO 8316 --- [restartedMain] o.s.s.web.DefaultSecurityFilterChain     : Will secure any request with [org.springframework.security.web.session.DisableEncodeUrlFilter@1eadc520, org.springframework.security.web.context.request.async.WebAsyncManagerIntegrationFilter@6be1d34e, org.springframework.security.web.context.SecurityContextHolderFilter@8f6bc2a, org.springframework.security.web.header.HeaderWriterFilter@6c34b389, org.springframework.security.web.csrf.CsrfFilter@671458ba, org.springframework.security.web.authentication.logout.LogoutFilter@68a64e12, org.springframework.security.web.authentication.UsernamePasswordAuthenticationFilter@14cd1b55, org.springframework.security.web.savedrequest.RequestCacheAwareFilter@2e9bdddd, org.springframework.security.web.servletapi.SecurityContextHolderAwareRequestFilter@77c3372e, org.springframework.security.web.authentication.AnonymousAuthenticationFilter@455c4114, org.springframework.security.web.access.ExceptionTranslationFilter@601d80db, org.springframework.security.web.access.intercept.AuthorizationFilter@3828ccd6]
2026-02-23T10:15:40.918+01:00  INFO 8316 --- [restartedMain] o.s.b.d.a.OptionalLiveReloadServer       : LiveReload server is running on port 35729
2026-02-23T10:15:40.971+01:00  WARN 8316 --- [restartedMain] ConfigServletWebServerApplicationContext : Exception encountered during context initialization - cancelling refresh attempt: org.springframework.context.ApplicationContextException: Failed to start bean 'webServerStartStop'
2026-02-23T10:15:40.977+01:00  INFO 8316 --- [restartedMain] j.LocalContainerEntityManagerFactoryBean : Closing JPA EntityManagerFactory for persistence unit 'default'
2026-02-23T10:15:40.977+01:00 TRACE 8316 --- [restartedMain] o.h.type.spi.TypeConfiguration$Scope     : Handling #sessionFactoryClosed from [org.hibernate.internal.SessionFactoryImpl@310bb4ac] for TypeConfiguration
2026-02-23T10:15:40.977+01:00 DEBUG 8316 --- [restartedMain] o.h.type.spi.TypeConfiguration$Scope     : Un-scoping TypeConfiguration [org.hibernate.type.spi.TypeConfiguration$Scope@1062c8b8] from SessionFactory [org.hibernate.internal.SessionFactoryImpl@310bb4ac]
2026-02-23T10:15:40.980+01:00  INFO 8316 --- [restartedMain] com.zaxxer.hikari.HikariDataSource       : HikariPool-1 - Shutdown initiated...
2026-02-23T10:15:40.989+01:00  INFO 8316 --- [restartedMain] com.zaxxer.hikari.HikariDataSource       : HikariPool-1 - Shutdown completed.
2026-02-23T10:15:40.994+01:00  INFO 8316 --- [restartedMain] o.apache.catalina.core.StandardService   : Stopping service [Tomcat]
2026-02-23T10:15:41.011+01:00  INFO 8316 --- [restartedMain] .s.b.a.l.ConditionEvaluationReportLogger : 

Error starting ApplicationContext. To display the condition evaluation report re-run your application with 'debug' enabled.
2026-02-23T10:15:41.026+01:00 ERROR 8316 --- [restartedMain] o.s.b.d.LoggingFailureAnalysisReporter   : 

***************************
APPLICATION FAILED TO START
***************************

Description:

Web server failed to start. Port 8082 was already in use.

Action:

Identify and stop the process that's listening on port 8082 or configure this application to listen on another port.

